<?xml version="1.0" encoding="UTF-8"?>
<!-- Generated by org.testng.reporters.JUnitReportReporter -->
<testsuite hostname="LAPTOP-MGEDU9SO" failures="0" tests="1" name="com.AdminProject.TestClass.LoginTestVerification" time="22.762" errors="0" timestamp="2023-03-03T08:43:12 IST" skipped="0">
  <testcase classname="com.AdminProject.TestClass.LoginTestVerification" name="LoginTest" time="22.762"/>
  <system-out/>
</testsuite> <!-- com.AdminProject.TestClass.LoginTestVerification -->
